<?xml version="1.0" encoding="UTF-8"?>
<!-- Generated by org.testng.reporters.JUnitReportReporter -->
<testsuite skipped="0" hostname="LAPTOP-JO7QILPT" name="Academy.LandingPage" tests="1" failures="0" timestamp="29 Sep 2020 03:03:03 GMT" time="4.572" errors="0">
  <testcase name="getURL" time="4.572" classname="Academy.LandingPage"/>
</testsuite> <!-- Academy.LandingPage -->
